<?xml version="1.0" encoding="UTF-8"?>
<testsuite xmlns:xsi="http://www.w3.org/2001/XMLSchema-instance" xsi:noNamespaceSchemaLocation="https://maven.apache.org/surefire/maven-surefire-plugin/xsd/surefire-test-report-3.0.xsd" version="3.0" name="com.indium.iplassignment.MatchControllerIntegrationTest" time="10.038" tests="9" errors="0" skipped="0" failures="0">
  <properties>
[...]
</properties>
  <testcase name="testGetStrikeRateByBatterAndMatch" classname="com.indium.iplassignment.MatchControllerIntegrationTest" time="2.971">
    <system-out><![CDATA[2024-09-16T18:58:11.997+05:30  INFO 14824 --- [ipl-assignment] [           main] t.c.s.AnnotationConfigContextLoaderUtils : Could not detect default configuration classes for test class [com.indium.iplassignment.MatchControllerIntegrationTest]: MatchControllerIntegrationTest does not declare any static, non-private, non-final, nested classes annotated with @Configuration.
2024-09-16T18:58:12.023+05:30  INFO 14824 --- [ipl-assignment] [           main] .b.t.c.SpringBootTestContextBootstrapper : Found @SpringBootConfiguration com.indium.iplassignment.IplAssignmentApplication for test class com.indium.iplassignment.MatchControllerIntegrationTest

  .   ____          _            __ _ _
 /\\ / ___'_ __ _ _(_)_ __  __ _ \ \ \ \
( ( )\___ | '_ | '_| | '_ \/ _` | \ \ \ \
 \\/  ___)| |_)| | | | | || (_| |  ) ) ) )
  '  |____| .__|_| |_|_| |_\__, | / / / /
 =========|_|==============|___/=/_/_/_/
 :: Spring Boot ::                (v3.2.9)

2024-09-16T18:58:12.187+05:30  INFO 14824 --- [ipl-assignment] [           main] c.i.i.MatchControllerIntegrationTest     : Starting MatchControllerIntegrationTest using Java 22.0.2 with PID 14824 (started by I7732 in D:\javascript\ipl-assignment)
2024-09-16T18:58:12.188+05:30  INFO 14824 --- [ipl-assignment] [           main] c.i.i.MatchControllerIntegrationTest     : No active profile set, falling back to 1 default profile: "default"
2024-09-16T18:58:12.716+05:30  INFO 14824 --- [ipl-assignment] [           main] .s.d.r.c.RepositoryConfigurationDelegate : Multiple Spring Data modules found, entering strict repository configuration mode
2024-09-16T18:58:12.716+05:30  INFO 14824 --- [ipl-assignment] [           main] .s.d.r.c.RepositoryConfigurationDelegate : Bootstrapping Spring Data JPA repositories in DEFAULT mode.
2024-09-16T18:58:12.749+05:30  INFO 14824 --- [ipl-assignment] [           main] .s.d.r.c.RepositoryConfigurationDelegate : Finished Spring Data repository scanning in 32 ms. Found 7 JPA repository interfaces.
2024-09-16T18:58:12.758+05:30  INFO 14824 --- [ipl-assignment] [           main] .s.d.r.c.RepositoryConfigurationDelegate : Multiple Spring Data modules found, entering strict repository configuration mode
2024-09-16T18:58:12.759+05:30  INFO 14824 --- [ipl-assignment] [           main] .s.d.r.c.RepositoryConfigurationDelegate : Bootstrapping Spring Data Redis repositories in DEFAULT mode.
2024-09-16T18:58:12.766+05:30  INFO 14824 --- [ipl-assignment] [           main] .RepositoryConfigurationExtensionSupport : Spring Data Redis - Could not safely identify store assignment for repository candidate interface com.indium.iplassignment.repository.DeliveryRepository; If you want this repository to be a Redis repository, consider annotating your entities with one of these annotations: org.springframework.data.redis.core.RedisHash (preferred), or consider extending one of the following types with your repository: org.springframework.data.keyvalue.repository.KeyValueRepository
2024-09-16T18:58:12.767+05:30  INFO 14824 --- [ipl-assignment] [           main] .RepositoryConfigurationExtensionSupport : Spring Data Redis - Could not safely identify store assignment for repository candidate interface com.indium.iplassignment.repository.InningRepository; If you want this repository to be a Redis repository, consider annotating your entities with one of these annotations: org.springframework.data.redis.core.RedisHash (preferred), or consider extending one of the following types with your repository: org.springframework.data.keyvalue.repository.KeyValueRepository
2024-09-16T18:58:12.771+05:30  INFO 14824 --- [ipl-assignment] [           main] .RepositoryConfigurationExtensionSupport : Spring Data Redis - Could not safely identify store assignment for repository candidate interface com.indium.iplassignment.repository.MatchRepository; If you want this repository to be a Redis repository, consider annotating your entities with one of these annotations: org.springframework.data.redis.core.RedisHash (preferred), or consider extending one of the following types with your repository: org.springframework.data.keyvalue.repository.KeyValueRepository
2024-09-16T18:58:12.771+05:30  INFO 14824 --- [ipl-assignment] [           main] .RepositoryConfigurationExtensionSupport : Spring Data Redis - Could not safely identify store assignment for repository candidate interface com.indium.iplassignment.repository.OfficialRepository; If you want this repository to be a Redis repository, consider annotating your entities with one of these annotations: org.springframework.data.redis.core.RedisHash (preferred), or consider extending one of the following types with your repository: org.springframework.data.keyvalue.repository.KeyValueRepository
2024-09-16T18:58:12.772+05:30  INFO 14824 --- [ipl-assignment] [           main] .RepositoryConfigurationExtensionSupport : Spring Data Redis - Could not safely identify store assignment for repository candidate interface com.indium.iplassignment.repository.OutcomeRepository; If you want this repository to be a Redis repository, consider annotating your entities with one of these annotations: org.springframework.data.redis.core.RedisHash (preferred), or consider extending one of the following types with your repository: org.springframework.data.keyvalue.repository.KeyValueRepository
2024-09-16T18:58:12.772+05:30  INFO 14824 --- [ipl-assignment] [           main] .RepositoryConfigurationExtensionSupport : Spring Data Redis - Could not safely identify store assignment for repository candidate interface com.indium.iplassignment.repository.PlayerRepository; If you want this repository to be a Redis repository, consider annotating your entities with one of these annotations: org.springframework.data.redis.core.RedisHash (preferred), or consider extending one of the following types with your repository: org.springframework.data.keyvalue.repository.KeyValueRepository
2024-09-16T18:58:12.773+05:30  INFO 14824 --- [ipl-assignment] [           main] .RepositoryConfigurationExtensionSupport : Spring Data Redis - Could not safely identify store assignment for repository candidate interface com.indium.iplassignment.repository.TeamRepository; If you want this repository to be a Redis repository, consider annotating your entities with one of these annotations: org.springframework.data.redis.core.RedisHash (preferred), or consider extending one of the following types with your repository: org.springframework.data.keyvalue.repository.KeyValueRepository
2024-09-16T18:58:12.773+05:30  INFO 14824 --- [ipl-assignment] [           main] .s.d.r.c.RepositoryConfigurationDelegate : Finished Spring Data repository scanning in 14 ms. Found 0 Redis repository interfaces.
2024-09-16T18:58:14.078+05:30  INFO 14824 --- [ipl-assignment] [           main] o.s.b.w.embedded.tomcat.TomcatWebServer  : Tomcat initialized with port 0 (http)
2024-09-16T18:58:14.125+05:30  INFO 14824 --- [ipl-assignment] [           main] o.apache.catalina.core.StandardService   : Starting service [Tomcat]
2024-09-16T18:58:14.126+05:30  INFO 14824 --- [ipl-assignment] [           main] o.apache.catalina.core.StandardEngine    : Starting Servlet engine: [Apache Tomcat/10.1.28]
2024-09-16T18:58:14.397+05:30  INFO 14824 --- [ipl-assignment] [           main] o.a.c.c.C.[Tomcat].[localhost].[/]       : Initializing Spring embedded WebApplicationContext
2024-09-16T18:58:14.400+05:30  INFO 14824 --- [ipl-assignment] [           main] w.s.c.ServletWebServerApplicationContext : Root WebApplicationContext: initialization completed in 2205 ms
2024-09-16T18:58:14.774+05:30  INFO 14824 --- [ipl-assignment] [           main] com.zaxxer.hikari.HikariDataSource       : HikariPool-2 - Starting...
2024-09-16T18:58:14.893+05:30  INFO 14824 --- [ipl-assignment] [           main] com.zaxxer.hikari.pool.HikariPool        : HikariPool-2 - Added connection com.mysql.cj.jdbc.ConnectionImpl@39ccab78
2024-09-16T18:58:14.893+05:30  INFO 14824 --- [ipl-assignment] [           main] com.zaxxer.hikari.HikariDataSource       : HikariPool-2 - Start completed.
2024-09-16T18:58:14.899+05:30  INFO 14824 --- [ipl-assignment] [           main] o.hibernate.jpa.internal.util.LogHelper  : HHH000204: Processing PersistenceUnitInfo [name: default]
2024-09-16T18:58:14.906+05:30  INFO 14824 --- [ipl-assignment] [           main] o.h.c.internal.RegionFactoryInitiator    : HHH000026: Second-level cache disabled
2024-09-16T18:58:14.923+05:30  INFO 14824 --- [ipl-assignment] [           main] o.s.o.j.p.SpringPersistenceUnitInfo      : No LoadTimeWeaver setup: ignoring JPA class transformer
2024-09-16T18:58:15.827+05:30  INFO 14824 --- [ipl-assignment] [           main] o.h.e.t.j.p.i.JtaPlatformInitiator       : HHH000489: No JTA platform available (set 'hibernate.transaction.jta.platform' to enable JTA platform integration)
2024-09-16T18:58:15.829+05:30  INFO 14824 --- [ipl-assignment] [           main] j.LocalContainerEntityManagerFactoryBean : Initialized JPA EntityManagerFactory for persistence unit 'default'
2024-09-16T18:58:16.250+05:30  WARN 14824 --- [ipl-assignment] [           main] JpaBaseConfiguration$JpaWebConfiguration : spring.jpa.open-in-view is enabled by default. Therefore, database queries may be performed during view rendering. Explicitly configure spring.jpa.open-in-view to disable this warning
2024-09-16T18:58:18.109+05:30  INFO 14824 --- [ipl-assignment] [           main] o.a.c.c.C.[Tomcat].[localhost].[/]       : Initializing Spring TestDispatcherServlet ''
2024-09-16T18:58:18.110+05:30  INFO 14824 --- [ipl-assignment] [           main] o.s.t.web.servlet.TestDispatcherServlet  : Initializing Servlet ''
2024-09-16T18:58:18.113+05:30  INFO 14824 --- [ipl-assignment] [           main] o.s.t.web.servlet.TestDispatcherServlet  : Completed initialization in 3 ms
2024-09-16T18:58:18.389+05:30  INFO 14824 --- [ipl-assignment] [           main] o.s.b.w.embedded.tomcat.TomcatWebServer  : Tomcat started on port 63541 (http) with context path ''
2024-09-16T18:58:18.408+05:30  INFO 14824 --- [ipl-assignment] [           main] c.i.i.MatchControllerIntegrationTest     : Started MatchControllerIntegrationTest in 6.38 seconds (process running for 25.659)
2024-09-16T18:58:19.099+05:30  INFO 14824 --- [ipl-assignment] [o-auto-1-exec-1] o.a.c.c.C.[Tomcat].[localhost].[/]       : Initializing Spring DispatcherServlet 'dispatcherServlet'
2024-09-16T18:58:19.099+05:30  INFO 14824 --- [ipl-assignment] [o-auto-1-exec-1] o.s.web.servlet.DispatcherServlet        : Initializing Servlet 'dispatcherServlet'
2024-09-16T18:58:19.101+05:30  INFO 14824 --- [ipl-assignment] [o-auto-1-exec-1] o.s.web.servlet.DispatcherServlet        : Completed initialization in 2 ms
2024-09-16T18:58:19.435+05:30  INFO 14824 --- [ipl-assignment] [o-auto-1-exec-1] o.a.k.clients.producer.ProducerConfig    : ProducerConfig values: 
	acks = -1
	auto.include.jmx.reporter = true
	batch.size = 16384
	bootstrap.servers = [localhost:9092]
	buffer.memory = 33554432
	client.dns.lookup = use_all_dns_ips
	client.id = producer-1
	compression.type = none
	connections.max.idle.ms = 540000
	delivery.timeout.ms = 120000
	enable.idempotence = true
	interceptor.classes = []
	key.serializer = class org.apache.kafka.common.serialization.StringSerializer
	linger.ms = 0
	max.block.ms = 60000
	max.in.flight.requests.per.connection = 5
	max.request.size = 1048576
	metadata.max.age.ms = 300000
	metadata.max.idle.ms = 300000
	metric.reporters = []
	metrics.num.samples = 2
	metrics.recording.level = INFO
	metrics.sample.window.ms = 30000
	partitioner.adaptive.partitioning.enable = true
	partitioner.availability.timeout.ms = 0
	partitioner.class = null
	partitioner.ignore.keys = false
	receive.buffer.bytes = 32768
	reconnect.backoff.max.ms = 1000
	reconnect.backoff.ms = 50
	request.timeout.ms = 30000
	retries = 2147483647
	retry.backoff.ms = 100
	sasl.client.callback.handler.class = null
	sasl.jaas.config = null
	sasl.kerberos.kinit.cmd = /usr/bin/kinit
	sasl.kerberos.min.time.before.relogin = 60000
	sasl.kerberos.service.name = null
	sasl.kerberos.ticket.renew.jitter = 0.05
	sasl.kerberos.ticket.renew.window.factor = 0.8
	sasl.login.callback.handler.class = null
	sasl.login.class = null
	sasl.login.connect.timeout.ms = null
	sasl.login.read.timeout.ms = null
	sasl.login.refresh.buffer.seconds = 300
	sasl.login.refresh.min.period.seconds = 60
	sasl.login.refresh.window.factor = 0.8
	sasl.login.refresh.window.jitter = 0.05
	sasl.login.retry.backoff.max.ms = 10000
	sasl.login.retry.backoff.ms = 100
	sasl.mechanism = GSSAPI
	sasl.oauthbearer.clock.skew.seconds = 30
	sasl.oauthbearer.expected.audience = null
	sasl.oauthbearer.expected.issuer = null
	sasl.oauthbearer.jwks.endpoint.refresh.ms = 3600000
	sasl.oauthbearer.jwks.endpoint.retry.backoff.max.ms = 10000
	sasl.oauthbearer.jwks.endpoint.retry.backoff.ms = 100
	sasl.oauthbearer.jwks.endpoint.url = null
	sasl.oauthbearer.scope.claim.name = scope
	sasl.oauthbearer.sub.claim.name = sub
	sasl.oauthbearer.token.endpoint.url = null
	security.protocol = PLAINTEXT
	security.providers = null
	send.buffer.bytes = 131072
	socket.connection.setup.timeout.max.ms = 30000
	socket.connection.setup.timeout.ms = 10000
	ssl.cipher.suites = null
	ssl.enabled.protocols = [TLSv1.2, TLSv1.3]
	ssl.endpoint.identification.algorithm = https
	ssl.engine.factory.class = null
	ssl.key.password = null
	ssl.keymanager.algorithm = SunX509
	ssl.keystore.certificate.chain = null
	ssl.keystore.key = null
	ssl.keystore.location = null
	ssl.keystore.password = null
	ssl.keystore.type = JKS
	ssl.protocol = TLSv1.3
	ssl.provider = null
	ssl.secure.random.implementation = null
	ssl.trustmanager.algorithm = PKIX
	ssl.truststore.certificates = null
	ssl.truststore.location = null
	ssl.truststore.password = null
	ssl.truststore.type = JKS
	transaction.timeout.ms = 60000
	transactional.id = null
	value.serializer = class org.apache.kafka.common.serialization.StringSerializer

2024-09-16T18:58:19.748+05:30  INFO 14824 --- [ipl-assignment] [o-auto-1-exec-1] o.a.k.clients.producer.KafkaProducer     : [Producer clientId=producer-1] Instantiated an idempotent producer.
2024-09-16T18:58:20.000+05:30  INFO 14824 --- [ipl-assignment] [o-auto-1-exec-1] o.a.k.clients.producer.ProducerConfig    : These configurations '[security-protocol, SASL_MECHANISM]' were supplied but are not used yet.
2024-09-16T18:58:20.004+05:30  INFO 14824 --- [ipl-assignment] [o-auto-1-exec-1] o.a.kafka.common.utils.AppInfoParser     : Kafka version: 3.6.2
2024-09-16T18:58:20.004+05:30  INFO 14824 --- [ipl-assignment] [o-auto-1-exec-1] o.a.kafka.common.utils.AppInfoParser     : Kafka commitId: c4deed513057c94e
2024-09-16T18:58:20.004+05:30  INFO 14824 --- [ipl-assignment] [o-auto-1-exec-1] o.a.kafka.common.utils.AppInfoParser     : Kafka startTimeMs: 1726493300000
2024-09-16T18:58:21.355+05:30  INFO 14824 --- [ipl-assignment] [ad | producer-1] org.apache.kafka.clients.Metadata        : [Producer clientId=producer-1] Cluster ID: tDzfxdaWRiG4JN20JtA5tA
2024-09-16T18:58:21.356+05:30  INFO 14824 --- [ipl-assignment] [ad | producer-1] o.a.k.c.p.internals.TransactionManager   : [Producer clientId=producer-1] ProducerId set to 7023 with epoch 0
Response Body: Strike Rate: 120.5
]]></system-out>
  </testcase>
  <testcase name="testGetMatchRefereesByMatchNumber" classname="com.indium.iplassignment.MatchControllerIntegrationTest" time="0.034"/>
  <testcase name="testGetWicketsByPlayer" classname="com.indium.iplassignment.MatchControllerIntegrationTest" time="0.052"/>
  <testcase name="testGetCumulativeScoreByPlayer" classname="com.indium.iplassignment.MatchControllerIntegrationTest" time="0.028"/>
  <testcase name="testUploadMatchDataSuccess" classname="com.indium.iplassignment.MatchControllerIntegrationTest" time="0.186"/>
  <testcase name="testGetTopBatsmen" classname="com.indium.iplassignment.MatchControllerIntegrationTest" time="0.011"/>
  <testcase name="testGetTopWicketTakers" classname="com.indium.iplassignment.MatchControllerIntegrationTest" time="0.064"/>
  <testcase name="testGetInningScoresByDate" classname="com.indium.iplassignment.MatchControllerIntegrationTest" time="0.033"/>
  <testcase name="testGetPlayersByTeamAndMatch" classname="com.indium.iplassignment.MatchControllerIntegrationTest" time="0.129"/>
</testsuite>